<?xml version="1.0" encoding="UTF-8"?>
<coverage generated="1751735148">
  <project timestamp="1751735148">
    <file name="/home/runner/work/orderly/orderly/src/Concerns/Groupable.php">
      <class name="Baril\Orderly\Concerns\Groupable" namespace="global">
        <metrics complexity="21" methods="6" coveredmethods="2" conditionals="0" coveredconditionals="0" statements="37" coveredstatements="26" elements="43" coveredelements="28"/>
      </class>
      <line num="17" type="method" name="getGroupColumn" visibility="public" complexity="2" crap="2" count="43"/>
      <line num="19" type="stmt" count="43"/>
      <line num="28" type="method" name="getGroup" visibility="public" complexity="6" crap="6.40" count="8"/>
      <line num="30" type="stmt" count="8"/>
      <line num="31" type="stmt" count="8"/>
      <line num="32" type="stmt" count="0"/>
      <line num="34" type="stmt" count="8"/>
      <line num="35" type="stmt" count="0"/>
      <line num="38" type="stmt" count="8"/>
      <line num="39" type="stmt" count="8"/>
      <line num="40" type="stmt" count="8"/>
      <line num="42" type="stmt" count="8"/>
      <line num="51" type="method" name="scopeWhereGroup" visibility="public" complexity="3" crap="3" count="8"/>
      <line num="53" type="stmt" count="8"/>
      <line num="54" type="stmt" count="8"/>
      <line num="55" type="stmt" count="8"/>
      <line num="56" type="stmt" count="8"/>
      <line num="66" type="method" name="scopeWhereGroupIn" visibility="public" complexity="2" crap="6" count="0"/>
      <line num="68" type="stmt" count="0"/>
      <line num="69" type="stmt" count="0"/>
      <line num="70" type="stmt" count="0"/>
      <line num="71" type="stmt" count="0"/>
      <line num="72" type="stmt" count="0"/>
      <line num="74" type="stmt" count="0"/>
      <line num="83" type="method" name="newQueryInSameGroup" visibility="public" complexity="4" crap="4.02" count="43"/>
      <line num="85" type="stmt" count="43"/>
      <line num="86" type="stmt" count="43"/>
      <line num="87" type="stmt" count="43"/>
      <line num="88" type="stmt" count="8"/>
      <line num="89" type="stmt" count="8"/>
      <line num="90" type="stmt" count="8"/>
      <line num="92" type="stmt" count="8"/>
      <line num="94" type="stmt" count="43"/>
      <line num="95" type="stmt" count="0"/>
      <line num="97" type="stmt" count="43"/>
      <line num="108" type="method" name="isInSameGroupAs" visibility="public" complexity="4" crap="4.37" count="4"/>
      <line num="110" type="stmt" count="4"/>
      <line num="111" type="stmt" count="0"/>
      <line num="113" type="stmt" count="4"/>
      <line num="114" type="stmt" count="4"/>
      <line num="115" type="stmt" count="1"/>
      <line num="116" type="stmt" count="0"/>
      <line num="119" type="stmt" count="4"/>
      <metrics loc="122" ncloc="82" classes="1" methods="6" coveredmethods="2" conditionals="0" coveredconditionals="0" statements="37" coveredstatements="26" elements="43" coveredelements="28"/>
    </file>
    <file name="/home/runner/work/orderly/orderly/src/Concerns/HasOrderableRelationships.php">
      <class name="Baril\Orderly\Concerns\HasOrderableRelationships" namespace="global">
        <metrics complexity="20" methods="7" coveredmethods="5" conditionals="0" coveredconditionals="0" statements="88" coveredstatements="65" elements="95" coveredelements="70"/>
      </class>
      <line num="12" type="method" name="bootHasOrderableRelationships" visibility="public" complexity="1" crap="1" count="27"/>
      <line num="14" type="stmt" count="27"/>
      <line num="15" type="stmt" count="27"/>
      <line num="16" type="stmt" count="27"/>
      <line num="17" type="stmt" count="27"/>
      <line num="18" type="stmt" count="27"/>
      <line num="19" type="stmt" count="27"/>
      <line num="20" type="stmt" count="27"/>
      <line num="21" type="stmt" count="27"/>
      <line num="40" type="method" name="belongsToManyOrderable" visibility="public" complexity="7" crap="7" count="10"/>
      <line num="54" type="stmt" count="10"/>
      <line num="55" type="stmt" count="10"/>
      <line num="61" type="stmt" count="10"/>
      <line num="63" type="stmt" count="10"/>
      <line num="65" type="stmt" count="10"/>
      <line num="70" type="stmt" count="10"/>
      <line num="71" type="stmt" count="10"/>
      <line num="74" type="stmt" count="10"/>
      <line num="75" type="stmt" count="10"/>
      <line num="76" type="stmt" count="10"/>
      <line num="77" type="stmt" count="10"/>
      <line num="78" type="stmt" count="10"/>
      <line num="79" type="stmt" count="10"/>
      <line num="80" type="stmt" count="10"/>
      <line num="81" type="stmt" count="10"/>
      <line num="82" type="stmt" count="10"/>
      <line num="83" type="stmt" count="10"/>
      <line num="84" type="stmt" count="10"/>
      <line num="87" type="method" name="belongsToManyOrdered" visibility="public" complexity="1" crap="1" count="10"/>
      <line num="98" type="stmt" count="10"/>
      <line num="99" type="stmt" count="10"/>
      <line num="100" type="stmt" count="10"/>
      <line num="101" type="stmt" count="10"/>
      <line num="102" type="stmt" count="10"/>
      <line num="103" type="stmt" count="10"/>
      <line num="104" type="stmt" count="10"/>
      <line num="105" type="stmt" count="10"/>
      <line num="106" type="stmt" count="10"/>
      <line num="107" type="stmt" count="10"/>
      <line num="123" type="method" name="morphToManyOrderable" visibility="public" complexity="6" crap="6" count="9"/>
      <line num="135" type="stmt" count="9"/>
      <line num="140" type="stmt" count="9"/>
      <line num="142" type="stmt" count="9"/>
      <line num="144" type="stmt" count="9"/>
      <line num="149" type="stmt" count="9"/>
      <line num="151" type="stmt" count="9"/>
      <line num="152" type="stmt" count="9"/>
      <line num="153" type="stmt" count="9"/>
      <line num="154" type="stmt" count="9"/>
      <line num="155" type="stmt" count="9"/>
      <line num="156" type="stmt" count="9"/>
      <line num="157" type="stmt" count="9"/>
      <line num="158" type="stmt" count="9"/>
      <line num="159" type="stmt" count="9"/>
      <line num="160" type="stmt" count="9"/>
      <line num="161" type="stmt" count="9"/>
      <line num="162" type="stmt" count="9"/>
      <line num="163" type="stmt" count="9"/>
      <line num="166" type="method" name="morphToManyOrdered" visibility="public" complexity="1" crap="1" count="9"/>
      <line num="178" type="stmt" count="9"/>
      <line num="179" type="stmt" count="9"/>
      <line num="180" type="stmt" count="9"/>
      <line num="181" type="stmt" count="9"/>
      <line num="182" type="stmt" count="9"/>
      <line num="183" type="stmt" count="9"/>
      <line num="184" type="stmt" count="9"/>
      <line num="185" type="stmt" count="9"/>
      <line num="186" type="stmt" count="9"/>
      <line num="187" type="stmt" count="9"/>
      <line num="188" type="stmt" count="9"/>
      <line num="206" type="method" name="morphedByManyOrderable" visibility="public" complexity="3" crap="12" count="0"/>
      <line num="217" type="stmt" count="0"/>
      <line num="222" type="stmt" count="0"/>
      <line num="224" type="stmt" count="0"/>
      <line num="225" type="stmt" count="0"/>
      <line num="226" type="stmt" count="0"/>
      <line num="227" type="stmt" count="0"/>
      <line num="228" type="stmt" count="0"/>
      <line num="229" type="stmt" count="0"/>
      <line num="230" type="stmt" count="0"/>
      <line num="231" type="stmt" count="0"/>
      <line num="232" type="stmt" count="0"/>
      <line num="233" type="stmt" count="0"/>
      <line num="234" type="stmt" count="0"/>
      <line num="237" type="method" name="morphedByManyOrdered" visibility="public" complexity="1" crap="2" count="0"/>
      <line num="248" type="stmt" count="0"/>
      <line num="249" type="stmt" count="0"/>
      <line num="250" type="stmt" count="0"/>
      <line num="251" type="stmt" count="0"/>
      <line num="252" type="stmt" count="0"/>
      <line num="253" type="stmt" count="0"/>
      <line num="254" type="stmt" count="0"/>
      <line num="255" type="stmt" count="0"/>
      <line num="256" type="stmt" count="0"/>
      <line num="257" type="stmt" count="0"/>
      <metrics loc="260" ncloc="198" classes="1" methods="7" coveredmethods="5" conditionals="0" coveredconditionals="0" statements="88" coveredstatements="65" elements="95" coveredelements="70"/>
    </file>
    <file name="/home/runner/work/orderly/orderly/src/Concerns/Orderable.php">
      <class name="Baril\Orderly\Concerns\Orderable" namespace="global">
        <metrics complexity="50" methods="24" coveredmethods="19" conditionals="0" coveredconditionals="0" statements="139" coveredstatements="132" elements="163" coveredelements="151"/>
      </class>
      <line num="21" type="method" name="bootOrderable" visibility="public" complexity="7" crap="7" count="43"/>
      <line num="23" type="stmt" count="43"/>
      <line num="25" type="stmt" count="43"/>
      <line num="28" type="stmt" count="43"/>
      <line num="29" type="stmt" count="43"/>
      <line num="31" type="stmt" count="43"/>
      <line num="33" type="stmt" count="43"/>
      <line num="35" type="stmt" count="12"/>
      <line num="36" type="stmt" count="12"/>
      <line num="37" type="stmt" count="12"/>
      <line num="41" type="stmt" count="12"/>
      <line num="42" type="stmt" count="8"/>
      <line num="44" type="stmt" count="43"/>
      <line num="46" type="stmt" count="43"/>
      <line num="47" type="stmt" count="12"/>
      <line num="50" type="stmt" count="12"/>
      <line num="51" type="stmt" count="8"/>
      <line num="52" type="stmt" count="8"/>
      <line num="54" type="stmt" count="43"/>
      <line num="56" type="stmt" count="43"/>
      <line num="57" type="stmt" count="2"/>
      <line num="58" type="stmt" count="43"/>
      <line num="60" type="stmt" count="43"/>
      <line num="62" type="stmt" count="2"/>
      <line num="63" type="stmt" count="2"/>
      <line num="64" type="stmt" count="43"/>
      <line num="67" type="method" name="newCollection" visibility="public" complexity="1" crap="1" count="43"/>
      <line num="69" type="stmt" count="43"/>
      <line num="75" type="method" name="getOrderColumn" visibility="public" complexity="2" crap="2" count="43"/>
      <line num="77" type="stmt" count="43"/>
      <line num="80" type="method" name="getPosition" visibility="public" complexity="1" crap="1" count="16"/>
      <line num="82" type="stmt" count="16"/>
      <line num="90" type="method" name="getMaxPosition" visibility="public" complexity="1" crap="1" count="43"/>
      <line num="92" type="stmt" count="43"/>
      <line num="100" type="method" name="getNextPosition" visibility="public" complexity="1" crap="1" count="43"/>
      <line num="102" type="stmt" count="43"/>
      <line num="111" type="method" name="scopeOrdered" visibility="public" complexity="1" crap="1" count="17"/>
      <line num="113" type="stmt" count="17"/>
      <line num="114" type="stmt" count="17"/>
      <line num="122" type="method" name="scopeUnordered" visibility="public" complexity="2" crap="2" count="17"/>
      <line num="124" type="stmt" count="17"/>
      <line num="125" type="stmt" count="17"/>
      <line num="126" type="stmt" count="6"/>
      <line num="127" type="stmt" count="6"/>
      <line num="128" type="stmt" count="17"/>
      <line num="138" type="method" name="scopeForceOrderBy" visibility="public" complexity="1" crap="1" count="1"/>
      <line num="140" type="stmt" count="1"/>
      <line num="141" type="stmt" count="1"/>
      <line num="150" type="method" name="moveToOffset" visibility="public" complexity="6" crap="6.02" count="6"/>
      <line num="152" type="stmt" count="6"/>
      <line num="153" type="stmt" count="6"/>
      <line num="155" type="stmt" count="6"/>
      <line num="156" type="stmt" count="2"/>
      <line num="158" type="stmt" count="6"/>
      <line num="159" type="stmt" count="2"/>
      <line num="162" type="stmt" count="4"/>
      <line num="164" type="stmt" count="4"/>
      <line num="165" type="stmt" count="0"/>
      <line num="168" type="stmt" count="4"/>
      <line num="169" type="stmt" count="4"/>
      <line num="170" type="stmt" count="4"/>
      <line num="172" type="stmt" count="2"/>
      <line num="181" type="method" name="moveToStart" visibility="public" complexity="1" crap="1" count="2"/>
      <line num="183" type="stmt" count="2"/>
      <line num="190" type="method" name="moveToEnd" visibility="public" complexity="1" crap="1" count="2"/>
      <line num="192" type="stmt" count="2"/>
      <line num="199" type="method" name="moveToPosition" visibility="public" complexity="1" crap="1" count="6"/>
      <line num="201" type="stmt" count="6"/>
      <line num="209" type="method" name="moveUp" visibility="public" complexity="2" crap="2" count="1"/>
      <line num="211" type="stmt" count="1"/>
      <line num="212" type="stmt" count="1"/>
      <line num="213" type="stmt" count="1"/>
      <line num="214" type="stmt" count="1"/>
      <line num="215" type="stmt" count="1"/>
      <line num="217" type="stmt" count="1"/>
      <line num="225" type="method" name="moveDown" visibility="public" complexity="1" crap="1" count="1"/>
      <line num="227" type="stmt" count="1"/>
      <line num="236" type="method" name="swapWith" visibility="public" complexity="3" crap="3.03" count="2"/>
      <line num="238" type="stmt" count="2"/>
      <line num="239" type="stmt" count="0"/>
      <line num="242" type="stmt" count="2"/>
      <line num="243" type="stmt" count="2"/>
      <line num="245" type="stmt" count="2"/>
      <line num="246" type="stmt" count="2"/>
      <line num="248" type="stmt" count="2"/>
      <line num="249" type="stmt" count="0"/>
      <line num="252" type="stmt" count="2"/>
      <line num="253" type="stmt" count="2"/>
      <line num="255" type="stmt" count="2"/>
      <line num="256" type="stmt" count="2"/>
      <line num="257" type="stmt" count="2"/>
      <line num="258" type="stmt" count="2"/>
      <line num="268" type="method" name="moveAfter" visibility="public" complexity="1" crap="1" count="4"/>
      <line num="270" type="stmt" count="4"/>
      <line num="280" type="method" name="moveBefore" visibility="public" complexity="1" crap="1" count="2"/>
      <line num="282" type="stmt" count="2"/>
      <line num="291" type="method" name="move" visibility="protected" complexity="4" crap="4.02" count="4"/>
      <line num="293" type="stmt" count="4"/>
      <line num="294" type="stmt" count="0"/>
      <line num="297" type="stmt" count="4"/>
      <line num="298" type="stmt" count="4"/>
      <line num="300" type="stmt" count="4"/>
      <line num="301" type="stmt" count="4"/>
      <line num="303" type="stmt" count="4"/>
      <line num="304" type="stmt" count="0"/>
      <line num="307" type="stmt" count="4"/>
      <line num="308" type="stmt" count="4"/>
      <line num="310" type="stmt" count="4"/>
      <line num="311" type="stmt" count="4"/>
      <line num="313" type="stmt" count="2"/>
      <line num="316" type="stmt" count="4"/>
      <line num="317" type="stmt" count="4"/>
      <line num="319" type="stmt" count="4"/>
      <line num="320" type="stmt" count="4"/>
      <line num="321" type="stmt" count="4"/>
      <line num="322" type="stmt" count="4"/>
      <line num="332" type="method" name="getNewPosition" visibility="protected" complexity="3" crap="3" count="4"/>
      <line num="334" type="stmt" count="4"/>
      <line num="335" type="stmt" count="4"/>
      <line num="338" type="stmt" count="4"/>
      <line num="339" type="stmt" count="4"/>
      <line num="342" type="stmt" count="4"/>
      <line num="351" type="method" name="newQueryBetween" visibility="protected" complexity="3" crap="3" count="7"/>
      <line num="353" type="stmt" count="7"/>
      <line num="354" type="stmt" count="7"/>
      <line num="356" type="stmt" count="7"/>
      <line num="357" type="stmt" count="7"/>
      <line num="359" type="stmt" count="7"/>
      <line num="360" type="stmt" count="5"/>
      <line num="362" type="stmt" count="7"/>
      <line num="370" type="method" name="previous" visibility="public" complexity="2" crap="2.06" count="5"/>
      <line num="372" type="stmt" count="5"/>
      <line num="373" type="stmt" count="5"/>
      <line num="374" type="stmt" count="0"/>
      <line num="376" type="stmt" count="5"/>
      <line num="384" type="method" name="next" visibility="public" complexity="2" crap="2.06" count="3"/>
      <line num="386" type="stmt" count="3"/>
      <line num="387" type="stmt" count="3"/>
      <line num="388" type="stmt" count="0"/>
      <line num="390" type="stmt" count="3"/>
      <line num="400" type="method" name="scopeSetOrder" visibility="public" complexity="2" crap="2" count="5"/>
      <line num="402" type="stmt" count="5"/>
      <line num="403" type="stmt" count="5"/>
      <line num="405" type="stmt" count="5"/>
      <line num="406" type="stmt" count="5"/>
      <line num="409" type="stmt" count="5"/>
      <line num="410" type="stmt" count="5"/>
      <line num="411" type="stmt" count="5"/>
      <line num="412" type="stmt" count="5"/>
      <line num="413" type="stmt" count="5"/>
      <line num="414" type="stmt" count="5"/>
      <line num="415" type="stmt" count="5"/>
      <line num="416" type="stmt" count="2"/>
      <line num="419" type="stmt" count="5"/>
      <line num="420" type="stmt" count="5"/>
      <line num="421" type="stmt" count="5"/>
      <line num="422" type="stmt" count="5"/>
      <line num="424" type="stmt" count="5"/>
      <line num="425" type="stmt" count="5"/>
      <line num="426" type="stmt" count="4"/>
      <line num="428" type="stmt" count="4"/>
      <line num="429" type="stmt" count="4"/>
      <line num="430" type="stmt" count="4"/>
      <metrics loc="433" ncloc="301" classes="1" methods="24" coveredmethods="19" conditionals="0" coveredconditionals="0" statements="139" coveredstatements="132" elements="163" coveredelements="151"/>
    </file>
    <file name="/home/runner/work/orderly/orderly/src/Console/FixPositionsCommand.php">
      <class name="Baril\Orderly\Console\FixPositionsCommand" namespace="global">
        <metrics complexity="16" methods="5" coveredmethods="3" conditionals="0" coveredconditionals="0" statements="56" coveredstatements="48" elements="61" coveredelements="51"/>
      </class>
      <line num="18" type="method" name="handle" visibility="public" complexity="6" crap="6.56" count="3"/>
      <line num="20" type="stmt" count="3"/>
      <line num="21" type="stmt" count="3"/>
      <line num="22" type="stmt" count="3"/>
      <line num="23" type="stmt" count="0"/>
      <line num="24" type="stmt" count="0"/>
      <line num="26" type="stmt" count="3"/>
      <line num="29" type="stmt" count="3"/>
      <line num="30" type="stmt" count="1"/>
      <line num="31" type="stmt" count="1"/>
      <line num="36" type="stmt" count="2"/>
      <line num="37" type="stmt" count="0"/>
      <line num="38" type="stmt" count="0"/>
      <line num="42" type="stmt" count="2"/>
      <line num="43" type="stmt" count="1"/>
      <line num="45" type="stmt" count="1"/>
      <line num="47" type="stmt" count="2"/>
      <line num="50" type="method" name="fixUngroupable" visibility="protected" complexity="1" crap="1" count="1"/>
      <line num="52" type="stmt" count="1"/>
      <line num="55" type="method" name="fixGroupable" visibility="protected" complexity="4" crap="4" count="1"/>
      <line num="57" type="stmt" count="1"/>
      <line num="58" type="stmt" count="1"/>
      <line num="59" type="stmt" count="1"/>
      <line num="60" type="stmt" count="1"/>
      <line num="61" type="stmt" count="1"/>
      <line num="62" type="stmt" count="1"/>
      <line num="64" type="stmt" count="1"/>
      <line num="65" type="stmt" count="1"/>
      <line num="66" type="stmt" count="1"/>
      <line num="67" type="stmt" count="1"/>
      <line num="68" type="stmt" count="1"/>
      <line num="70" type="stmt" count="1"/>
      <line num="71" type="stmt" count="1"/>
      <line num="72" type="stmt" count="1"/>
      <line num="74" type="stmt" count="1"/>
      <line num="77" type="method" name="fixRelation" visibility="protected" complexity="4" crap="4.08" count="1"/>
      <line num="80" type="stmt" count="1"/>
      <line num="81" type="stmt" count="1"/>
      <line num="82" type="stmt" count="0"/>
      <line num="83" type="stmt" count="1"/>
      <line num="85" type="stmt" count="0"/>
      <line num="86" type="stmt" count="0"/>
      <line num="87" type="stmt" count="0"/>
      <line num="90" type="stmt" count="1"/>
      <line num="91" type="stmt" count="1"/>
      <line num="92" type="stmt" count="1"/>
      <line num="93" type="stmt" count="1"/>
      <line num="94" type="stmt" count="1"/>
      <line num="95" type="stmt" count="1"/>
      <line num="96" type="stmt" count="1"/>
      <line num="97" type="stmt" count="1"/>
      <line num="98" type="stmt" count="1"/>
      <line num="99" type="stmt" count="1"/>
      <line num="100" type="stmt" count="1"/>
      <line num="101" type="stmt" count="1"/>
      <line num="102" type="stmt" count="1"/>
      <line num="103" type="stmt" count="1"/>
      <line num="104" type="stmt" count="1"/>
      <line num="106" type="stmt" count="1"/>
      <line num="109" type="method" name="fixPositions" visibility="protected" complexity="1" crap="1" count="2"/>
      <line num="111" type="stmt" count="2"/>
      <metrics loc="114" ncloc="110" classes="1" methods="5" coveredmethods="3" conditionals="0" coveredconditionals="0" statements="56" coveredstatements="48" elements="61" coveredelements="51"/>
    </file>
    <file name="/home/runner/work/orderly/orderly/src/GroupException.php">
      <class name="Baril\Orderly\GroupException" namespace="global">
        <metrics complexity="0" methods="0" coveredmethods="0" conditionals="0" coveredconditionals="0" statements="0" coveredstatements="0" elements="0" coveredelements="0"/>
      </class>
      <metrics loc="11" ncloc="10" classes="0" methods="0" coveredmethods="0" conditionals="0" coveredconditionals="0" statements="0" coveredstatements="0" elements="0" coveredelements="0"/>
    </file>
    <file name="/home/runner/work/orderly/orderly/src/Mixins/Builder.php">
      <class name="Baril\Orderly\Mixins\Builder" namespace="global">
        <metrics complexity="4" methods="2" coveredmethods="2" conditionals="0" coveredconditionals="0" statements="22" coveredstatements="22" elements="24" coveredelements="24"/>
      </class>
      <line num="12" type="method" name="orderByValues" visibility="public" complexity="1" crap="1" count="43"/>
      <line num="14" type="stmt" count="43"/>
      <line num="16" type="stmt" count="6"/>
      <line num="17" type="stmt" count="6"/>
      <line num="18" type="stmt" count="6"/>
      <line num="19" type="stmt" count="43"/>
      <line num="22" type="method" name="updateColumnWithRowNumber" visibility="public" complexity="3" crap="3" count="43"/>
      <line num="24" type="stmt" count="43"/>
      <line num="27" type="stmt" count="14"/>
      <line num="28" type="stmt" count="14"/>
      <line num="30" type="stmt" count="14"/>
      <line num="31" type="stmt" count="14"/>
      <line num="32" type="stmt" count="14"/>
      <line num="33" type="stmt" count="14"/>
      <line num="34" type="stmt" count="14"/>
      <line num="35" type="stmt" count="14"/>
      <line num="37" type="stmt" count="14"/>
      <line num="38" type="stmt" count="14"/>
      <line num="39" type="stmt" count="14"/>
      <line num="40" type="stmt" count="14"/>
      <line num="41" type="stmt" count="14"/>
      <line num="42" type="stmt" count="14"/>
      <line num="44" type="stmt" count="14"/>
      <line num="45" type="stmt" count="43"/>
      <metrics loc="48" ncloc="43" classes="1" methods="2" coveredmethods="2" conditionals="0" coveredconditionals="0" statements="22" coveredstatements="22" elements="24" coveredelements="24"/>
    </file>
    <file name="/home/runner/work/orderly/orderly/src/Mixins/Grammar.php">
      <class name="Baril\Orderly\Mixins\Grammar" namespace="global">
        <metrics complexity="20" methods="6" coveredmethods="3" conditionals="0" coveredconditionals="0" statements="39" coveredstatements="26" elements="45" coveredelements="29"/>
      </class>
      <line num="16" type="method" name="compileCase" visibility="public" complexity="2" crap="2" count="43"/>
      <line num="18" type="stmt" count="43"/>
      <line num="20" type="stmt" count="6"/>
      <line num="21" type="stmt" count="6"/>
      <line num="22" type="stmt" count="6"/>
      <line num="23" type="stmt" count="6"/>
      <line num="24" type="stmt" count="6"/>
      <line num="25" type="stmt" count="43"/>
      <line num="28" type="method" name="supportsUpdateWithOrderBy" visibility="public" complexity="2" crap="2" count="43"/>
      <line num="30" type="stmt" count="43"/>
      <line num="31" type="stmt" count="14"/>
      <line num="32" type="stmt" count="43"/>
      <line num="35" type="method" name="supportsSequences" visibility="public" complexity="1" crap="1" count="43"/>
      <line num="37" type="stmt" count="43"/>
      <line num="38" type="stmt" count="14"/>
      <line num="39" type="stmt" count="43"/>
      <line num="42" type="method" name="compileCreateSequence" visibility="public" complexity="5" crap="7.19" count="43"/>
      <line num="44" type="stmt" count="43"/>
      <line num="46" type="stmt" count="14"/>
      <line num="47" type="stmt" count="14"/>
      <line num="48" type="stmt" count="14"/>
      <line num="49" type="stmt" count="0"/>
      <line num="50" type="stmt" count="0"/>
      <line num="51" type="stmt" count="0"/>
      <line num="53" type="stmt" count="0"/>
      <line num="55" type="stmt" count="43"/>
      <line num="58" type="method" name="compileNextVal" visibility="public" complexity="5" crap="9.29" count="43"/>
      <line num="60" type="stmt" count="43"/>
      <line num="62" type="stmt" count="14"/>
      <line num="63" type="stmt" count="14"/>
      <line num="64" type="stmt" count="0"/>
      <line num="65" type="stmt" count="0"/>
      <line num="66" type="stmt" count="0"/>
      <line num="67" type="stmt" count="0"/>
      <line num="69" type="stmt" count="0"/>
      <line num="71" type="stmt" count="43"/>
      <line num="74" type="method" name="compileDropSequence" visibility="public" complexity="5" crap="8.12" count="43"/>
      <line num="76" type="stmt" count="43"/>
      <line num="78" type="stmt" count="14"/>
      <line num="79" type="stmt" count="14"/>
      <line num="80" type="stmt" count="0"/>
      <line num="81" type="stmt" count="0"/>
      <line num="82" type="stmt" count="0"/>
      <line num="84" type="stmt" count="0"/>
      <line num="86" type="stmt" count="43"/>
      <metrics loc="89" ncloc="85" classes="1" methods="6" coveredmethods="3" conditionals="0" coveredconditionals="0" statements="39" coveredstatements="26" elements="45" coveredelements="29"/>
    </file>
    <file name="/home/runner/work/orderly/orderly/src/OrderableCollection.php">
      <class name="Baril\Orderly\OrderableCollection" namespace="global">
        <metrics complexity="7" methods="2" coveredmethods="1" conditionals="0" coveredconditionals="0" statements="27" coveredstatements="26" elements="29" coveredelements="27"/>
      </class>
      <line num="10" type="method" name="saveOrder" visibility="public" complexity="5" crap="5.00" count="7"/>
      <line num="12" type="stmt" count="7"/>
      <line num="13" type="stmt" count="0"/>
      <line num="16" type="stmt" count="7"/>
      <line num="17" type="stmt" count="7"/>
      <line num="18" type="stmt" count="7"/>
      <line num="21" type="stmt" count="7"/>
      <line num="22" type="stmt" count="2"/>
      <line num="23" type="stmt" count="2"/>
      <line num="24" type="stmt" count="1"/>
      <line num="30" type="stmt" count="6"/>
      <line num="31" type="stmt" count="6"/>
      <line num="34" type="stmt" count="6"/>
      <line num="35" type="stmt" count="6"/>
      <line num="37" type="stmt" count="6"/>
      <line num="38" type="stmt" count="6"/>
      <line num="39" type="stmt" count="6"/>
      <line num="40" type="stmt" count="6"/>
      <line num="41" type="stmt" count="6"/>
      <line num="43" type="stmt" count="6"/>
      <line num="46" type="method" name="setOrder" visibility="public" complexity="2" crap="2" count="1"/>
      <line num="48" type="stmt" count="1"/>
      <line num="49" type="stmt" count="1"/>
      <line num="51" type="stmt" count="1"/>
      <line num="52" type="stmt" count="1"/>
      <line num="53" type="stmt" count="1"/>
      <line num="54" type="stmt" count="1"/>
      <line num="55" type="stmt" count="1"/>
      <line num="56" type="stmt" count="1"/>
      <metrics loc="59" ncloc="55" classes="1" methods="2" coveredmethods="1" conditionals="0" coveredconditionals="0" statements="27" coveredstatements="26" elements="29" coveredelements="27"/>
    </file>
    <file name="/home/runner/work/orderly/orderly/src/OrderlyServiceProvider.php">
      <class name="Baril\Orderly\OrderlyServiceProvider" namespace="global">
        <metrics complexity="2" methods="2" coveredmethods="2" conditionals="0" coveredconditionals="0" statements="5" coveredstatements="5" elements="7" coveredelements="7"/>
      </class>
      <line num="14" type="method" name="register" visibility="public" complexity="1" crap="1" count="43"/>
      <line num="16" type="stmt" count="43"/>
      <line num="17" type="stmt" count="43"/>
      <line num="18" type="stmt" count="43"/>
      <line num="21" type="method" name="boot" visibility="public" complexity="1" crap="1" count="43"/>
      <line num="23" type="stmt" count="43"/>
      <line num="24" type="stmt" count="43"/>
      <metrics loc="27" ncloc="27" classes="1" methods="2" coveredmethods="2" conditionals="0" coveredconditionals="0" statements="5" coveredstatements="5" elements="7" coveredelements="7"/>
    </file>
    <file name="/home/runner/work/orderly/orderly/src/PositionException.php">
      <class name="Baril\Orderly\PositionException" namespace="global">
        <metrics complexity="0" methods="0" coveredmethods="0" conditionals="0" coveredconditionals="0" statements="0" coveredstatements="0" elements="0" coveredelements="0"/>
      </class>
      <metrics loc="11" ncloc="10" classes="0" methods="0" coveredmethods="0" conditionals="0" coveredconditionals="0" statements="0" coveredstatements="0" elements="0" coveredelements="0"/>
    </file>
    <file name="/home/runner/work/orderly/orderly/src/Relations/BelongsToManyOrderable.php">
      <class name="Baril\Orderly\Relations\BelongsToManyOrderable" namespace="global">
        <metrics complexity="1" methods="1" coveredmethods="1" conditionals="0" coveredconditionals="0" statements="11" coveredstatements="11" elements="12" coveredelements="12"/>
      </class>
      <line num="30" type="method" name="__construct" visibility="public" complexity="1" crap="1" count="10"/>
      <line num="41" type="stmt" count="10"/>
      <line num="42" type="stmt" count="10"/>
      <line num="43" type="stmt" count="10"/>
      <line num="44" type="stmt" count="10"/>
      <line num="45" type="stmt" count="10"/>
      <line num="46" type="stmt" count="10"/>
      <line num="47" type="stmt" count="10"/>
      <line num="48" type="stmt" count="10"/>
      <line num="49" type="stmt" count="10"/>
      <line num="50" type="stmt" count="10"/>
      <line num="51" type="stmt" count="10"/>
      <metrics loc="54" ncloc="37" classes="1" methods="1" coveredmethods="1" conditionals="0" coveredconditionals="0" statements="11" coveredstatements="11" elements="12" coveredelements="12"/>
    </file>
    <file name="/home/runner/work/orderly/orderly/src/Relations/Concerns/InteractsWithOrderablePivotTable.php">
      <class name="Baril\Orderly\Relations\Concerns\InteractsWithOrderablePivotTable" namespace="global">
        <metrics complexity="55" methods="29" coveredmethods="25" conditionals="0" coveredconditionals="0" statements="146" coveredstatements="141" elements="175" coveredelements="166"/>
      </class>
      <line num="17" type="method" name="setOrderColumn" visibility="protected" complexity="1" crap="1" count="19"/>
      <line num="19" type="stmt" count="19"/>
      <line num="20" type="stmt" count="19"/>
      <line num="26" type="method" name="getOrderColumn" visibility="public" complexity="1" crap="1" count="11"/>
      <line num="28" type="stmt" count="11"/>
      <line num="34" type="method" name="getQualifiedOrderColumn" visibility="public" complexity="1" crap="1" count="19"/>
      <line num="36" type="stmt" count="19"/>
      <line num="39" type="method" name="getMaxPosition" visibility="public" complexity="1" crap="1" count="7"/>
      <line num="41" type="stmt" count="7"/>
      <line num="44" type="method" name="getNextPosition" visibility="public" complexity="1" crap="1" count="5"/>
      <line num="46" type="stmt" count="5"/>
      <line num="53" type="method" name="ordered" visibility="public" complexity="1" crap="1" count="19"/>
      <line num="55" type="stmt" count="19"/>
      <line num="61" type="method" name="unordered" visibility="public" complexity="2" crap="2" count="19"/>
      <line num="63" type="stmt" count="19"/>
      <line num="64" type="stmt" count="19"/>
      <line num="65" type="stmt" count="19"/>
      <line num="66" type="stmt" count="13"/>
      <line num="67" type="stmt" count="13"/>
      <line num="68" type="stmt" count="19"/>
      <line num="69" type="stmt" count="19"/>
      <line num="78" type="method" name="forceOrderBy" visibility="public" complexity="1" crap="1" count="2"/>
      <line num="80" type="stmt" count="2"/>
      <line num="88" type="method" name="newPivotQuery" visibility="public" complexity="2" crap="2" count="18"/>
      <line num="90" type="stmt" count="18"/>
      <line num="91" type="stmt" count="18"/>
      <line num="97" type="method" name="newPivotQueryBetween" visibility="protected" complexity="3" crap="3" count="2"/>
      <line num="99" type="stmt" count="2"/>
      <line num="101" type="stmt" count="2"/>
      <line num="102" type="stmt" count="2"/>
      <line num="104" type="stmt" count="2"/>
      <line num="105" type="stmt" count="2"/>
      <line num="107" type="stmt" count="2"/>
      <line num="119" type="method" name="parsePivot" visibility="protected" complexity="5" crap="5.39" count="6"/>
      <line num="121" type="stmt" count="6"/>
      <line num="122" type="stmt" count="2"/>
      <line num="123" type="stmt" count="0"/>
      <line num="125" type="stmt" count="2"/>
      <line num="128" type="stmt" count="6"/>
      <line num="129" type="stmt" count="6"/>
      <line num="130" type="stmt" count="0"/>
      <line num="132" type="stmt" count="6"/>
      <line num="145" type="method" name="moveToOffset" visibility="public" complexity="6" crap="6.01" count="4"/>
      <line num="147" type="stmt" count="4"/>
      <line num="148" type="stmt" count="4"/>
      <line num="150" type="stmt" count="4"/>
      <line num="151" type="stmt" count="2"/>
      <line num="153" type="stmt" count="4"/>
      <line num="154" type="stmt" count="2"/>
      <line num="157" type="stmt" count="2"/>
      <line num="159" type="stmt" count="2"/>
      <line num="160" type="stmt" count="0"/>
      <line num="163" type="stmt" count="2"/>
      <line num="164" type="stmt" count="2"/>
      <line num="165" type="stmt" count="2"/>
      <line num="166" type="stmt" count="2"/>
      <line num="167" type="stmt" count="2"/>
      <line num="168" type="stmt" count="2"/>
      <line num="169" type="stmt" count="2"/>
      <line num="170" type="stmt" count="2"/>
      <line num="172" type="stmt" count="2"/>
      <line num="184" type="method" name="moveToStart" visibility="public" complexity="1" crap="1" count="2"/>
      <line num="186" type="stmt" count="2"/>
      <line num="197" type="method" name="moveToEnd" visibility="public" complexity="1" crap="1" count="2"/>
      <line num="199" type="stmt" count="2"/>
      <line num="212" type="method" name="moveToPosition" visibility="public" complexity="1" crap="1" count="4"/>
      <line num="214" type="stmt" count="4"/>
      <line num="223" type="method" name="moveUp" visibility="public" complexity="2" crap="2" count="2"/>
      <line num="225" type="stmt" count="2"/>
      <line num="226" type="stmt" count="2"/>
      <line num="227" type="stmt" count="2"/>
      <line num="228" type="stmt" count="2"/>
      <line num="229" type="stmt" count="2"/>
      <line num="230" type="stmt" count="2"/>
      <line num="231" type="stmt" count="2"/>
      <line num="233" type="stmt" count="2"/>
      <line num="242" type="method" name="moveDown" visibility="public" complexity="1" crap="1" count="2"/>
      <line num="244" type="stmt" count="2"/>
      <line num="256" type="method" name="swap" visibility="public" complexity="2" crap="2.00" count="2"/>
      <line num="258" type="stmt" count="2"/>
      <line num="259" type="stmt" count="2"/>
      <line num="261" type="stmt" count="2"/>
      <line num="262" type="stmt" count="2"/>
      <line num="263" type="stmt" count="2"/>
      <line num="265" type="stmt" count="2"/>
      <line num="266" type="stmt" count="0"/>
      <line num="269" type="stmt" count="2"/>
      <line num="270" type="stmt" count="2"/>
      <line num="271" type="stmt" count="2"/>
      <line num="272" type="stmt" count="2"/>
      <line num="284" type="method" name="moveAfter" visibility="public" complexity="1" crap="1" count="2"/>
      <line num="286" type="stmt" count="2"/>
      <line num="298" type="method" name="moveBefore" visibility="public" complexity="1" crap="1" count="2"/>
      <line num="300" type="stmt" count="2"/>
      <line num="310" type="method" name="move" visibility="protected" complexity="3" crap="3" count="2"/>
      <line num="312" type="stmt" count="2"/>
      <line num="313" type="stmt" count="2"/>
      <line num="315" type="stmt" count="2"/>
      <line num="316" type="stmt" count="2"/>
      <line num="317" type="stmt" count="2"/>
      <line num="319" type="stmt" count="2"/>
      <line num="320" type="stmt" count="2"/>
      <line num="322" type="stmt" count="2"/>
      <line num="323" type="stmt" count="0"/>
      <line num="326" type="stmt" count="2"/>
      <line num="327" type="stmt" count="2"/>
      <line num="329" type="stmt" count="2"/>
      <line num="330" type="stmt" count="2"/>
      <line num="332" type="stmt" count="2"/>
      <line num="335" type="stmt" count="2"/>
      <line num="336" type="stmt" count="2"/>
      <line num="337" type="stmt" count="2"/>
      <line num="338" type="stmt" count="2"/>
      <line num="339" type="stmt" count="2"/>
      <line num="340" type="stmt" count="2"/>
      <line num="341" type="stmt" count="2"/>
      <line num="342" type="stmt" count="2"/>
      <line num="343" type="stmt" count="2"/>
      <line num="344" type="stmt" count="2"/>
      <line num="354" type="method" name="getNewPosition" visibility="protected" complexity="3" crap="3" count="2"/>
      <line num="356" type="stmt" count="2"/>
      <line num="357" type="stmt" count="2"/>
      <line num="360" type="stmt" count="2"/>
      <line num="361" type="stmt" count="2"/>
      <line num="364" type="stmt" count="2"/>
      <line num="375" type="method" name="attachNew" visibility="protected" complexity="5" crap="5" count="15"/>
      <line num="377" type="stmt" count="15"/>
      <line num="378" type="stmt" count="15"/>
      <line num="380" type="stmt" count="15"/>
      <line num="381" type="stmt" count="15"/>
      <line num="383" type="stmt" count="15"/>
      <line num="387" type="stmt" count="15"/>
      <line num="388" type="stmt" count="15"/>
      <line num="390" type="stmt" count="2"/>
      <line num="391" type="stmt" count="2"/>
      <line num="396" type="stmt" count="2"/>
      <line num="400" type="stmt" count="15"/>
      <line num="410" type="method" name="attach" visibility="public" complexity="2" crap="2" count="5"/>
      <line num="412" type="stmt" count="5"/>
      <line num="413" type="stmt" count="5"/>
      <line num="414" type="stmt" count="5"/>
      <line num="415" type="stmt" count="5"/>
      <line num="416" type="stmt" count="5"/>
      <line num="427" type="method" name="detach" visibility="public" complexity="2" crap="2" count="4"/>
      <line num="429" type="stmt" count="4"/>
      <line num="430" type="stmt" count="4"/>
      <line num="431" type="stmt" count="4"/>
      <line num="433" type="stmt" count="4"/>
      <line num="441" type="method" name="setOrder" visibility="public" complexity="2" crap="2" count="2"/>
      <line num="443" type="stmt" count="2"/>
      <line num="444" type="stmt" count="2"/>
      <line num="445" type="stmt" count="2"/>
      <line num="446" type="stmt" count="2"/>
      <line num="447" type="stmt" count="2"/>
      <line num="448" type="stmt" count="2"/>
      <line num="451" type="stmt" count="2"/>
      <line num="452" type="stmt" count="2"/>
      <line num="453" type="stmt" count="2"/>
      <line num="455" type="stmt" count="2"/>
      <line num="456" type="stmt" count="2"/>
      <line num="457" type="stmt" count="2"/>
      <line num="459" type="stmt" count="2"/>
      <line num="461" type="stmt" count="2"/>
      <line num="464" type="method" name="refreshPositions" visibility="public" complexity="1" crap="1" count="4"/>
      <line num="466" type="stmt" count="4"/>
      <line num="469" type="method" name="before" visibility="public" complexity="1" crap="1" count="2"/>
      <line num="471" type="stmt" count="2"/>
      <line num="472" type="stmt" count="2"/>
      <line num="473" type="stmt" count="2"/>
      <line num="474" type="stmt" count="2"/>
      <line num="477" type="method" name="after" visibility="public" complexity="1" crap="1" count="2"/>
      <line num="479" type="stmt" count="2"/>
      <line num="480" type="stmt" count="2"/>
      <line num="481" type="stmt" count="2"/>
      <line num="482" type="stmt" count="2"/>
      <metrics loc="485" ncloc="322" classes="1" methods="29" coveredmethods="25" conditionals="0" coveredconditionals="0" statements="146" coveredstatements="141" elements="175" coveredelements="166"/>
    </file>
    <file name="/home/runner/work/orderly/orderly/src/Relations/MorphToManyOrderable.php">
      <class name="Baril\Orderly\Relations\MorphToManyOrderable" namespace="global">
        <metrics complexity="2" methods="2" coveredmethods="2" conditionals="0" coveredconditionals="0" statements="14" coveredstatements="14" elements="16" coveredelements="16"/>
      </class>
      <line num="33" type="method" name="__construct" visibility="public" complexity="1" crap="1" count="9"/>
      <line num="46" type="stmt" count="9"/>
      <line num="47" type="stmt" count="9"/>
      <line num="48" type="stmt" count="9"/>
      <line num="49" type="stmt" count="9"/>
      <line num="50" type="stmt" count="9"/>
      <line num="51" type="stmt" count="9"/>
      <line num="52" type="stmt" count="9"/>
      <line num="53" type="stmt" count="9"/>
      <line num="54" type="stmt" count="9"/>
      <line num="55" type="stmt" count="9"/>
      <line num="56" type="stmt" count="9"/>
      <line num="57" type="stmt" count="9"/>
      <line num="58" type="stmt" count="9"/>
      <line num="67" type="method" name="newPivotQuery" visibility="public" complexity="1" crap="1" count="9"/>
      <line num="69" type="stmt" count="9"/>
      <metrics loc="72" ncloc="48" classes="1" methods="2" coveredmethods="2" conditionals="0" coveredconditionals="0" statements="14" coveredstatements="14" elements="16" coveredelements="16"/>
    </file>
    <metrics files="13" loc="1785" ncloc="1328" classes="11" methods="86" coveredmethods="65" conditionals="0" coveredconditionals="0" statements="584" coveredstatements="516" elements="670" coveredelements="581"/>
  </project>
</coverage>
